<?xml version="1.0" encoding="UTF-8"?>
<testsuite xmlns:xsi="http://www.w3.org/2001/XMLSchema-instance" xsi:noNamespaceSchemaLocation="https://maven.apache.org/surefire/maven-surefire-plugin/xsd/surefire-test-report-3.0.xsd" version="3.0" name="main.NoCountryApplicationTests" time="15.59" tests="1" errors="0" skipped="0" failures="0">
  <properties>
[...]
</properties>
  <testcase name="contextLoads" classname="main.NoCountryApplicationTests" time="1.007">
    <system-out><![CDATA[15:07:48.155 [main] INFO org.springframework.test.context.support.AnnotationConfigContextLoaderUtils -- Could not detect default configuration classes for test class [main.NoCountryApplicationTests]: NoCountryApplicationTests does not declare any static, non-private, non-final, nested classes annotated with @Configuration.
15:07:48.315 [main] INFO org.springframework.boot.test.context.SpringBootTestContextBootstrapper -- Found @SpringBootConfiguration main.NoCountryApplication for test class main.NoCountryApplicationTests
15:07:48.607 [main] INFO org.springframework.boot.devtools.restart.RestartApplicationListener -- Restart disabled due to context in which it is running

888    888                                     8888888b.                                 
888    888                                     888   Y88b                                
888    888                                     888    888                                
8888888888  8888b.  88888b.  88888b.  888  888 888   d88P 8888b.  888  888  888 .d8888b  
888    888     "88b 888 "88b 888 "88b 888  888 8888888P"     "88b 888  888  888 88K      
888    888 .d888888 888  888 888  888 888  888 888       .d888888 888  888  888 "Y8888b. 
888    888 888  888 888 d88P 888 d88P Y88b 888 888       888  888 Y88b 888 d88P      X88 
888    888 "Y888888 88888P"  88888P"   "Y88888 888       "Y888888  "Y8888888P"   88888P' 
                    888      888           888                                           
                    888      888      Y8b d88P                                           
                    888      888       "Y88P"                                            

2024-04-25T15:07:49.237-03:00  INFO 21932 --- [NoCountry] [           main] main.NoCountryApplicationTests           : Starting NoCountryApplicationTests using Java 17.0.10 with PID 21932 (started by matia in F:\MATI PERSONAL\NoCountry Simulación\Mascotas\s14-34-ft-java\backend\NoCountry)
2024-04-25T15:07:49.246-03:00  INFO 21932 --- [NoCountry] [           main] main.NoCountryApplicationTests           : No active profile set, falling back to 1 default profile: "default"
2024-04-25T15:07:51.315-03:00  INFO 21932 --- [NoCountry] [           main] .s.d.r.c.RepositoryConfigurationDelegate : Bootstrapping Spring Data JPA repositories in DEFAULT mode.
2024-04-25T15:07:51.583-03:00  INFO 21932 --- [NoCountry] [           main] .s.d.r.c.RepositoryConfigurationDelegate : Finished Spring Data repository scanning in 246 ms. Found 6 JPA repository interfaces.
2024-04-25T15:07:52.940-03:00  INFO 21932 --- [NoCountry] [           main] o.hibernate.jpa.internal.util.LogHelper  : HHH000204: Processing PersistenceUnitInfo [name: default]
2024-04-25T15:07:53.059-03:00  INFO 21932 --- [NoCountry] [           main] org.hibernate.Version                    : HHH000412: Hibernate ORM core version 6.4.1.Final
2024-04-25T15:07:53.135-03:00  INFO 21932 --- [NoCountry] [           main] o.h.c.internal.RegionFactoryInitiator    : HHH000026: Second-level cache disabled
2024-04-25T15:07:53.664-03:00  INFO 21932 --- [NoCountry] [           main] o.s.o.j.p.SpringPersistenceUnitInfo      : No LoadTimeWeaver setup: ignoring JPA class transformer
2024-04-25T15:07:53.713-03:00  INFO 21932 --- [NoCountry] [           main] com.zaxxer.hikari.HikariDataSource       : HikariPool-1 - Starting...
2024-04-25T15:07:54.790-03:00  INFO 21932 --- [NoCountry] [           main] com.zaxxer.hikari.pool.HikariPool        : HikariPool-1 - Added connection org.postgresql.jdbc.PgConnection@603d25db
2024-04-25T15:07:54.793-03:00  INFO 21932 --- [NoCountry] [           main] com.zaxxer.hikari.HikariDataSource       : HikariPool-1 - Start completed.
2024-04-25T15:07:54.971-03:00  WARN 21932 --- [NoCountry] [           main] org.hibernate.dialect.Dialect            : HHH000511: The 11.19.0 version for [org.hibernate.dialect.PostgreSQLDialect] is no longer supported, hence certain features may not work properly. The minimum supported version is 12.0.0. Check the community dialects project for available legacy versions.
2024-04-25T15:07:56.722-03:00  INFO 21932 --- [NoCountry] [           main] o.h.e.t.j.p.i.JtaPlatformInitiator       : HHH000489: No JTA platform available (set 'hibernate.transaction.jta.platform' to enable JTA platform integration)
2024-04-25T15:07:58.892-03:00  INFO 21932 --- [NoCountry] [           main] j.LocalContainerEntityManagerFactoryBean : Initialized JPA EntityManagerFactory for persistence unit 'default'
2024-04-25T15:07:59.625-03:00  INFO 21932 --- [NoCountry] [           main] o.s.d.j.r.query.QueryEnhancerFactory     : Hibernate is in classpath; If applicable, HQL parser will be used.
2024-04-25T15:08:00.921-03:00  WARN 21932 --- [NoCountry] [           main] JpaBaseConfiguration$JpaWebConfiguration : spring.jpa.open-in-view is enabled by default. Therefore, database queries may be performed during view rendering. Explicitly configure spring.jpa.open-in-view to disable this warning
2024-04-25T15:08:01.497-03:00  INFO 21932 --- [NoCountry] [           main] o.s.s.web.DefaultSecurityFilterChain     : Will secure any request with [org.springframework.security.web.session.DisableEncodeUrlFilter@65028252, org.springframework.security.web.context.request.async.WebAsyncManagerIntegrationFilter@61ae8f75, org.springframework.security.web.context.SecurityContextHolderFilter@2e82188, org.springframework.web.filter.CorsFilter@15be8dc4, org.springframework.security.web.authentication.logout.LogoutFilter@4b145278, main.auth.filter.JwtAuthenticationFilter@7ffb0bb4, org.springframework.security.web.savedrequest.RequestCacheAwareFilter@503c8431, org.springframework.security.web.servletapi.SecurityContextHolderAwareRequestFilter@47127c29, org.springframework.security.web.authentication.AnonymousAuthenticationFilter@6013565b, org.springframework.security.web.session.SessionManagementFilter@16c90eac, org.springframework.security.web.access.ExceptionTranslationFilter@1b53e1ae, org.springframework.security.web.access.intercept.AuthorizationFilter@1e73e9e2]
2024-04-25T15:08:02.401-03:00  INFO 21932 --- [NoCountry] [           main] main.NoCountryApplicationTests           : Started NoCountryApplicationTests in 13.823 seconds (process running for 16.004)
]]></system-out>
  </testcase>
</testsuite>